npm error code ERESOLVE
npm error ERESOLVE could not resolve
npm error
npm error While resolving: @clerk/nextjs@6.12.12
npm error Found: next@14.2.5
npm error node_modules/next
npm error   next@"^14.2.5" from the root project
npm error   peer next@"^13.2.0 || ^14.0 || ^15.0.0-rc.0" from @sentry/nextjs@9.10.1
npm error   node_modules/@sentry/nextjs
npm error     @sentry/nextjs@"9.10.1" from the root project
npm error
npm error Could not resolve dependency:
npm error peer next@"^13.5.7 || ^14.2.25 || ^15.2.3" from @clerk/nextjs@6.12.12
npm error node_modules/@clerk/nextjs
npm error   @clerk/nextjs@"^6.12.12" from the root project
npm error
npm error Conflicting peer dependency: next@15.2.4
npm error node_modules/next
npm error   peer next@"^13.5.7 || ^14.2.25 || ^15.2.3" from @clerk/nextjs@6.12.12
npm error   node_modules/@clerk/nextjs
npm error     @clerk/nextjs@"^6.12.12" from the root project
npm error
npm error Fix the upstream dependency conflict, or retry
npm error this command with --force or --legacy-peer-deps
npm error to accept an incorrect (and potentially broken) dependency resolution.
npm error
npm error
npm error For a full report see:
npm error C:\Users\HP\AppData\Local\npm-cache\_logs\2025-03-31T08_11_54_442Z-eresolve-report.txt

npm error A complete log of this run can be found in: C:\Users\HP\AppData\Local\npm-cache\_logs\2025-03-31T08_11_54_442Z-debug-0.log
